2026-06-09 18:50:06 | INFO     | trading_bot.risk.manager | APPROVED: buy ADUR | Extreme RVOL 5.5x | Moving up +0.8% | Breakout confirmed (2 bars) | Volume accelerating bar-over-bar
2026-06-09 18:50:06 | INFO     | trading_bot.risk.manager | APPROVED: buy ODC | Extreme RVOL 4.5x | Moving up +0.6% | Breakout confirmed (2 bars) | Volume accelerating bar-over-bar
2026-06-09 18:50:06 | INFO     | trading_bot.risk.manager | APPROVED: buy ONDS | BB squeeze (10% tight) | Volume accumulating 1.5x | MACD turning up | EMA trend bullish | Breakout candle!
2026-06-09 18:50:06 | INFO     | trading_bot.risk.manager | APPROVED: buy UFG | [SPIKE] Score:6/12 RVOL:51.9x | Confirmed | Chg:+11.0%
2026-06-09 18:50:06 | INFO     | trading_bot.engine   | POSTMARKET REJECT: UFG score=6 (need score>=60)
2026-06-09 18:50:06 | INFO     | trading_bot.notifications | [ALERT] Scanner Cycle: 📡 **[SCANNER]** Scanning 906 symbols
Market: 🟡 SIDEWAYS 
Signals found: 4
  ✅ ADUR: score 95/100 — Extreme RVOL 5.5x | Moving up +0.8% | Breakout confirmed (2 
  ✅ ODC: score 80/100 — Extreme RVOL 4.5
2026-06-09 18:50:06 | WARNING  | trading_bot.engine   | SLOW CYCLE (192.7s total): update_data=171.8s, update_scalp=16.2s
2026-06-09 18:50:06 | WARNING  | trading_bot.broker.ibkr | IBKR Error 2152: Exchanges - Depth: IEX; Top: BYX; PEARL; AMEX; T24X; MEMX; OVERNIGHT; EDGEA; CHX; IBEOS; NYSENAT; PSX; LTSE; ISE; DRCTEDGE; Need additional market data permissions - Depth: NASDAQ; BATS; ARCA; BEX; NYSE; 
2026-06-09 18:50:09 | INFO     | trading_bot.engine   | SAFETY GATE BLOCK: ADUR via rvol_scalp — rvol_scalp hit daily DD limit (-7.99%)
2026-06-09 18:50:09 | WARNING  | trading_bot.broker.ibkr | IBKR Error 2152: Exchanges - Depth: IEX; Top: BYX; AMEX; PEARL; T24X; MEMX; OVERNIGHT; EDGEA; CHX; IBEOS; NYSENAT; PSX; LTSE; ISE; DRCTEDGE; Need additional market data permissions - Depth: BATS; NASDAQ; ARCA; BEX; NYSE; 
2026-06-09 18:50:14 | WARNING  | trading_bot.broker.ibkr | IBKR Error 2152: Exchanges - Depth: IEX; Top: BYX; AMEX; PEARL; T24X; MEMX; OVERNIGHT; EDGEA; CHX; IBEOS; NYSENAT; PSX; LTSE; ISE; DRCTEDGE; Need additional market data permissions - Depth: BATS; NASDAQ; ARCA; BEX; NYSE; 
2026-06-09 18:50:15 | INFO     | trading_bot.engine   | SAFETY GATE BLOCK: ODC via rvol_scalp — rvol_scalp hit daily DD limit (-7.99%)
2026-06-09 18:50:17 | WARNING  | trading_bot.broker.ibkr | IBKR Error 2152: Exchanges - Top: BYX; PEARL; AMEX; T24X; MEMX; OVERNIGHT; EDGEA; CHX; IBEOS; NYSENAT; PSX; LTSE; ISE; DRCTEDGE; Unknown market data permissions - Depth: NASDAQ; BATS; ARCA; BEX; NYSE; IEX; 
2026-06-09 18:50:18 | WARNING  | trading_bot.broker.ibkr | IBKR Error 2152: Exchanges - Top: BYX; PEARL; AMEX; T24X; MEMX; OVERNIGHT; EDGEA; CHX; IBEOS; NYSENAT; PSX; LTSE; ISE; DRCTEDGE; Unknown market data permissions - Depth: NASDAQ; BATS; ARCA; BEX; NYSE; IEX; 
2026-06-09 18:50:18 | INFO     | trading_bot.engine   | CRYPTO FAST LANE HEARTBEAT (mean_reversion): universe=42 | WAIT[28]: AAVE-USD(weak 3d trend (+0.4%)), ALGO-USD(weak 3d trend (-0.7%)), APT-USD(weak 3d trend (+2.0%)), ARB-USD(weak 3d trend (+1.4%)), AVAX-USD(weak 3d trend (+0.1%)), BTC-USD(weak 3d trend (+2.0%)), DOGE-USD(weak 3d trend (+4.2%)), DOT-USD(weak 3d trend (+3.5%)), ETC-USD(weak 3d trend (+4.6%)), ETH-USD(needs green bar), FET-USD(weak 3d trend (+2.4%)), FLOKI-USD(weak 3d trend (+3.8%)), GRT-USD(weak 3d trend (+0.0%)), HBAR-USD(weak 3d trend (+0.4%)), ICP-USD(weak 3d trend (+0.9%)), JUP-USD(weak 3d trend (-10.6%)), MATIC-USD(weak 3d trend (-1.7%)), NEAR-USD(needs vol>=1.1x), OP-USD(weak 3d trend (-1.0%)), RNDR-USD(weak 3d trend (+2.7%)), SEI-USD(weak 3d trend (-0.8%)), SHIB-USD(weak 3d trend (+3.5%)), TON-USD(weak 3d trend (-0.3%)), TRX-USD(weak 3d trend (+1.0%)), UNI-USD(weak 3d trend (+0.7%)), WIF-USD(weak 3d trend (+4.0%)), XLM-USD(weak 3d trend (-9.3%)), XRP-USD(weak 3d trend (+4.8%)) | warming=5 | neutral=8 | no_data=1
2026-06-09 18:50:21 | WARNING  | trading_bot.broker.ibkr | IBKR Error 2152: Exchanges - Top: BYX; AMEX; PEARL; T24X; MEMX; OVERNIGHT; EDGEA; CHX; IBEOS; NYSENAT; PSX; LTSE; ISE; DRCTEDGE; Unknown market data permissions - Depth: BATS; NASDAQ; ARCA; BEX; NYSE; IEX; 
2026-06-09 18:50:25 | INFO     | trading_bot.broker.ibkr | IBKR scanner [TOP_PERC_GAIN]: 48 results
2026-06-09 18:50:26 | INFO     | trading_bot.broker.ibkr | IBKR scanner [MOST_ACTIVE]: 30 results
2026-06-09 18:50:27 | INFO     | trading_bot.broker.ibkr | IBKR scanner [HOT_BY_VOLUME]: 30 results
2026-06-09 18:50:28 | INFO     | trading_bot.broker.ibkr | IBKR scanner [HIGH_OPEN_GAP]: 28 results
2026-06-09 18:50:28 | INFO     | trading_bot.broker.ibkr | IBKR scanner [TOP_PERC_LOSE]: 20 results
2026-06-09 18:50:28 | INFO     | trading_bot.engine   | IBKR scanner: 123 unique symbols discovered | 48 gainers, 12 gaps, 20 losers
2026-06-09 18:50:28 | INFO     | trading_bot.engine   | UNIVERSE CAP: working set 90 symbols (trimmed 93 low-priority equity names; max 90)
2026-06-09 18:50:53 | INFO     | trading_bot.signals.politician_tracker | Checking for new politician trade disclosures...
2026-06-09 18:52:20 | WARNING  | trading_bot.broker.ibkr | IBKR Error 2108: Market data farm connection is inactive but should be available upon demand.usfarm.nj
2026-06-09 18:52:20 | WARNING  | trading_bot.broker.ibkr | IBKR Error 2108: Market data farm connection is inactive but should be available upon demand.usfarm.nj
2026-06-09 18:53:47 | INFO     | trading_bot.strategy.rvol_scalp | SCALP SIGNAL: ADUR | Score: 95 | RVOL: 5.5x | Change: +0.8% | R:R 1.6 | Target: $17.19 (+1.2%)
2026-06-09 18:53:47 | INFO     | trading_bot.strategy.rvol_scalp | SCALP SIGNAL: ODC | Score: 80 | RVOL: 4.5x | Change: +0.6% | R:R 1.8 | Target: $100.18 (+1.2%)
2026-06-09 18:53:47 | INFO     | trading_bot.strategy.prebreakout | PRE-BREAKOUT: ONDS | Score: 71 | Squeeze: True | Vol: 1.5x | R:R 2.2 | Target: $9.99
2026-06-09 18:53:47 | INFO     | trading_bot.strategy.momentum_runner | RUNNER SIGNAL [SPIKE]: UFG | Score: 6/12 ({'rvol': 3, 'float': 0, 'catalyst': 0, 'technical': 3}) | RVOL: 51.9x | Change: +11.0% | R:R 2.9 | Size: 25%
2026-06-09 18:53:47 | INFO     | trading_bot.engine   | SIGNALS GENERATED: 4 signals from strategies
2026-06-09 18:53:47 | INFO     | trading_bot.engine   |   -> rvol_scalp: buy ADUR @ $16.99 conf=0.95
2026-06-09 18:53:47 | INFO     | trading_bot.engine   |   -> rvol_scalp: buy ODC @ $98.99 conf=0.80
2026-06-09 18:53:47 | INFO     | trading_bot.engine   |   -> prebreakout: buy ONDS @ $9.64 conf=0.71
2026-06-09 18:53:47 | INFO     | trading_bot.engine   |   -> momentum_runner: buy UFG @ $1.01 conf=0.60
2026-06-09 18:53:47 | INFO     | trading_bot.risk.manager | APPROVED: buy ADUR | Extreme RVOL 5.5x | Moving up +0.8% | Breakout confirmed (2 bars) | Volume accelerating bar-over-bar
2026-06-09 18:53:47 | INFO     | trading_bot.risk.manager | APPROVED: buy ODC | Extreme RVOL 4.5x | Moving up +0.6% | Breakout confirmed (2 bars) | Volume accelerating bar-over-bar
2026-06-09 18:53:47 | INFO     | trading_bot.risk.manager | APPROVED: buy ONDS | BB squeeze (10% tight) | Volume accumulating 1.5x | MACD turning up | EMA trend bullish | Breakout candle!
2026-06-09 18:53:47 | INFO     | trading_bot.risk.manager | APPROVED: buy UFG | [SPIKE] Score:6/12 RVOL:51.9x | Confirmed | Chg:+11.0%
2026-06-09 18:53:47 | INFO     | trading_bot.engine   | POSTMARKET REJECT: UFG score=6 (need score>=60)
2026-06-09 18:53:47 | INFO     | trading_bot.notifications | [ALERT] Scanner Cycle: 📡 **[SCANNER]** Scanning 906 symbols
Market: 🟡 SIDEWAYS 
Signals found: 4
  ✅ ADUR: score 95/100 — Extreme RVOL 5.5x | Moving up +0.8% | Breakout confirmed (2 
  ✅ ODC: score 80/100 — Extreme RVOL 4.5
2026-06-09 18:53:48 | WARNING  | trading_bot.engine   | SLOW CYCLE (203.5s total): update_data=183.2s, update_scalp=15.4s
2026-06-09 18:53:48 | WARNING  | trading_bot.broker.ibkr | IBKR Error 2119: Market data farm is connecting:usfarm.nj
2026-06-09 18:53:49 | WARNING  | trading_bot.broker.ibkr | IBKR Error 2119: Market data farm is connecting:usfarm.nj
2026-06-09 18:53:49 | WARNING  | trading_bot.broker.ibkr | IBKR Error 2152: Exchanges - Depth: IEX; Top: BYX; AMEX; PEARL; T24X; MEMX; EDGEA; OVERNIGHT; CHX; NYSENAT; IBEOS; PSX; LTSE; ISE; DRCTEDGE; Need additional market data permissions - Depth: NASDAQ; BATS; ARCA; BEX; NYSE; 
2026-06-09 18:53:51 | INFO     | trading_bot.engine   | SAFETY GATE BLOCK: ADUR via rvol_scalp — rvol_scalp hit daily DD limit (-7.99%)
2026-06-09 18:53:52 | WARNING  | trading_bot.broker.ibkr | IBKR Error 2152: Exchanges - Depth: IEX; Top: BYX; AMEX; PEARL; T24X; MEMX; OVERNIGHT; EDGEA; CHX; IBEOS; NYSENAT; PSX; LTSE; ISE; DRCTEDGE; Need additional market data permissions - Depth: NASDAQ; BATS; ARCA; BEX; NYSE; 
2026-06-09 18:53:57 | WARNING  | trading_bot.broker.ibkr | IBKR Error 2152: Exchanges - Depth: IEX; Top: BYX; AMEX; PEARL; T24X; MEMX; OVERNIGHT; EDGEA; CHX; IBEOS; NYSENAT; PSX; LTSE; ISE; DRCTEDGE; Need additional market data permissions - Depth: NASDAQ; BATS; ARCA; BEX; NYSE; 
2026-06-09 18:53:58 | INFO     | trading_bot.engine   | SAFETY GATE BLOCK: ODC via rvol_scalp — rvol_scalp hit daily DD limit (-7.99%)
2026-06-09 18:53:59 | WARNING  | trading_bot.broker.ibkr | IBKR Error 2152: Exchanges - Top: BYX; AMEX; PEARL; T24X; MEMX; OVERNIGHT; EDGEA; CHX; IBEOS; NYSENAT; PSX; LTSE; ISE; DRCTEDGE; Unknown market data permissions - Depth: NASDAQ; BATS; ARCA; BEX; NYSE; IEX; 
2026-06-09 18:54:00 | WARNING  | trading_bot.broker.ibkr | IBKR Error 2152: Exchanges - Top: BYX; AMEX; PEARL; T24X; MEMX; OVERNIGHT; EDGEA; CHX; IBEOS; NYSENAT; PSX; LTSE; ISE; DRCTEDGE; Unknown market data permissions - Depth: NASDAQ; BATS; ARCA; BEX; NYSE; IEX; 
2026-06-09 18:54:01 | INFO     | trading_bot.engine   | CRYPTO FAST LANE HEARTBEAT (mean_reversion): universe=42 | WAIT[28]: AAVE-USD(weak 3d trend (+0.4%)), ALGO-USD(weak 3d trend (-0.7%)), APT-USD(weak 3d trend (+2.0%)), ARB-USD(weak 3d trend (+1.4%)), AVAX-USD(weak 3d trend (-0.2%)), BTC-USD(weak 3d trend (+2.1%)), DOGE-USD(weak 3d trend (+4.3%)), DOT-USD(weak 3d trend (+3.5%)), ETC-USD(weak 3d trend (+4.6%)), ETH-USD(needs green bar), FET-USD(weak 3d trend (+2.4%)), FLOKI-USD(weak 3d trend (+3.8%)), GRT-USD(weak 3d trend (+0.0%)), HBAR-USD(weak 3d trend (+0.3%)), ICP-USD(weak 3d trend (+0.9%)), JUP-USD(weak 3d trend (-10.6%)), MATIC-USD(weak 3d trend (-1.7%)), NEAR-USD(needs vol>=1.1x), OP-USD(weak 3d trend (-1.0%)), RNDR-USD(weak 3d trend (+2.7%)), SEI-USD(weak 3d trend (-0.8%)), SHIB-USD(weak 3d trend (+3.5%)), TON-USD(weak 3d trend (-0.3%)), TRX-USD(weak 3d trend (+1.0%)), UNI-USD(weak 3d trend (+0.7%)), WIF-USD(weak 3d trend (+4.0%)), XLM-USD(weak 3d trend (-8.6%)), XRP-USD(weak 3d trend (+4.8%)) | warming=4 | neutral=9 | no_data=1
2026-06-09 18:54:04 | WARNING  | trading_bot.broker.ibkr | IBKR Error 2152: Exchanges - Top: BYX; AMEX; PEARL; T24X; MEMX; OVERNIGHT; EDGEA; CHX; IBEOS; NYSENAT; PSX; LTSE; ISE; DRCTEDGE; Unknown market data permissions - Depth: NASDAQ; BATS; ARCA; BEX; NYSE; IEX; 
2026-06-09 18:54:08 | INFO     | trading_bot.broker.ibkr | IBKR scanner [TOP_PERC_GAIN]: 48 results
2026-06-09 18:54:09 | INFO     | trading_bot.broker.ibkr | IBKR scanner [MOST_ACTIVE]: 30 results
2026-06-09 18:54:09 | INFO     | trading_bot.broker.ibkr | IBKR scanner [HOT_BY_VOLUME]: 30 results
2026-06-09 18:54:10 | INFO     | trading_bot.broker.ibkr | IBKR scanner [HIGH_OPEN_GAP]: 28 results
2026-06-09 18:54:11 | INFO     | trading_bot.broker.ibkr | IBKR scanner [TOP_PERC_LOSE]: 20 results
2026-06-09 18:54:11 | INFO     | trading_bot.engine   | IBKR scanner: 123 unique symbols discovered | 48 gainers, 12 gaps, 20 losers
2026-06-09 18:54:11 | INFO     | trading_bot.engine   | UNIVERSE CAP: working set 90 symbols (trimmed 93 low-priority equity names; max 90)
